CRITICAL - 2024-10-08 12:40:20 --> CodeIgniter\View\Exceptions\ViewException: Invalid file: "welcome_message.php"
[Method: GET, Route: /]
in SYSTEMPATH\Exceptions\FrameworkException.php on line 41.
 1 SYSTEMPATH\View\View.php(222): CodeIgniter\Exceptions\FrameworkException::forInvalidFile('welcome_message.php')
 2 SYSTEMPATH\Common.php(1171): CodeIgniter\View\View->render('welcome_message', [], true)
 3 APPPATH\Controllers\Home.php(9): view('welcome_message')
 4 SYSTEMPATH\CodeIgniter.php(933): App\Controllers\Home->index()
 5 SYSTEMPATH\CodeIgniter.php(509): CodeIgniter\CodeIgniter->runController(Object(App\Controllers\Home))
 6 SYSTEMPATH\CodeIgniter.php(355): CodeIgniter\CodeIgniter->handleRequest(null, Object(Config\Cache), false)
 7 SYSTEMPATH\Boot.php(325): CodeIgniter\CodeIgniter->run()
 8 SYSTEMPATH\Boot.php(67): CodeIgniter\Boot::runCodeIgniter(Object(CodeIgniter\CodeIgniter))
 9 FCPATH\index.php(56): CodeIgniter\Boot::bootWeb(Object(Config\Paths))
CRITICAL - 2024-10-08 12:43:45 --> CodeIgniter\View\Exceptions\ViewException: Invalid file: "welcome_message.php"
[Method: GET, Route: /]
in SYSTEMPATH\Exceptions\FrameworkException.php on line 41.
 1 SYSTEMPATH\View\View.php(222): CodeIgniter\Exceptions\FrameworkException::forInvalidFile('welcome_message.php')
 2 SYSTEMPATH\Common.php(1171): CodeIgniter\View\View->render('welcome_message', [], true)
 3 APPPATH\Controllers\Home.php(9): view('welcome_message')
 4 SYSTEMPATH\CodeIgniter.php(933): App\Controllers\Home->index()
 5 SYSTEMPATH\CodeIgniter.php(509): CodeIgniter\CodeIgniter->runController(Object(App\Controllers\Home))
 6 SYSTEMPATH\CodeIgniter.php(355): CodeIgniter\CodeIgniter->handleRequest(null, Object(Config\Cache), false)
 7 SYSTEMPATH\Boot.php(325): CodeIgniter\CodeIgniter->run()
 8 SYSTEMPATH\Boot.php(67): CodeIgniter\Boot::runCodeIgniter(Object(CodeIgniter\CodeIgniter))
 9 FCPATH\index.php(56): CodeIgniter\Boot::bootWeb(Object(Config\Paths))
CRITICAL - 2024-10-08 12:56:54 --> CodeIgniter\View\Exceptions\ViewException: Invalid file: "welcome_message.php"
[Method: GET, Route: /]
in SYSTEMPATH\Exceptions\FrameworkException.php on line 41.
 1 SYSTEMPATH\View\View.php(222): CodeIgniter\Exceptions\FrameworkException::forInvalidFile('welcome_message.php')
 2 SYSTEMPATH\Common.php(1171): CodeIgniter\View\View->render('welcome_message', [], true)
 3 APPPATH\Controllers\Home.php(9): view('welcome_message')
 4 SYSTEMPATH\CodeIgniter.php(933): App\Controllers\Home->index()
 5 SYSTEMPATH\CodeIgniter.php(509): CodeIgniter\CodeIgniter->runController(Object(App\Controllers\Home))
 6 SYSTEMPATH\CodeIgniter.php(355): CodeIgniter\CodeIgniter->handleRequest(null, Object(Config\Cache), false)
 7 SYSTEMPATH\Boot.php(325): CodeIgniter\CodeIgniter->run()
 8 SYSTEMPATH\Boot.php(67): CodeIgniter\Boot::runCodeIgniter(Object(CodeIgniter\CodeIgniter))
 9 FCPATH\index.php(56): CodeIgniter\Boot::bootWeb(Object(Config\Paths))
CRITICAL - 2024-10-08 16:01:58 --> CodeIgniter\View\Exceptions\ViewException: Invalid file: "componets/top_layer.php"
[Method: GET, Route: info]
in SYSTEMPATH\Exceptions\FrameworkException.php on line 41.
 1 SYSTEMPATH\View\View.php(222): CodeIgniter\Exceptions\FrameworkException::forInvalidFile('componets/top_layer.php')
 2 SYSTEMPATH\View\View.php(487): CodeIgniter\View\View->render('componets/top_layer', null, true)
 3 APPPATH\Views\layout\main_layout.php(1): CodeIgniter\View\View->include('componets/top_layer')
 4 SYSTEMPATH\View\View.php(234): include('C:\\xampp\\htdocs\\WST-TX32-A1-Joson\\app\\Views\\layout\\main_layout.php')
 5 SYSTEMPATH\View\View.php(237): CodeIgniter\View\View->CodeIgniter\View\{closure}()
 6 SYSTEMPATH\View\View.php(250): CodeIgniter\View\View->render('layout/main_layout', [], true)
 7 SYSTEMPATH\Common.php(1171): CodeIgniter\View\View->render('infoPage', [], true)
 8 APPPATH\Controllers\Home.php(21): view('infoPage')
 9 SYSTEMPATH\CodeIgniter.php(933): App\Controllers\Home->info()
10 SYSTEMPATH\CodeIgniter.php(509): CodeIgniter\CodeIgniter->runController(Object(App\Controllers\Home))
11 SYSTEMPATH\CodeIgniter.php(355): CodeIgniter\CodeIgniter->handleRequest(null, Object(Config\Cache), false)
12 SYSTEMPATH\Boot.php(325): CodeIgniter\CodeIgniter->run()
13 SYSTEMPATH\Boot.php(67): CodeIgniter\Boot::runCodeIgniter(Object(CodeIgniter\CodeIgniter))
14 FCPATH\index.php(56): CodeIgniter\Boot::bootWeb(Object(Config\Paths))
CRITICAL - 2024-10-08 16:02:00 --> CodeIgniter\View\Exceptions\ViewException: Invalid file: "componets/top_layer.php"
[Method: GET, Route: about]
in SYSTEMPATH\Exceptions\FrameworkException.php on line 41.
 1 SYSTEMPATH\View\View.php(222): CodeIgniter\Exceptions\FrameworkException::forInvalidFile('componets/top_layer.php')
 2 SYSTEMPATH\View\View.php(487): CodeIgniter\View\View->render('componets/top_layer', null, true)
 3 APPPATH\Views\layout\main_layout.php(1): CodeIgniter\View\View->include('componets/top_layer')
 4 SYSTEMPATH\View\View.php(234): include('C:\\xampp\\htdocs\\WST-TX32-A1-Joson\\app\\Views\\layout\\main_layout.php')
 5 SYSTEMPATH\View\View.php(237): CodeIgniter\View\View->CodeIgniter\View\{closure}()
 6 SYSTEMPATH\View\View.php(250): CodeIgniter\View\View->render('layout/main_layout', [], true)
 7 SYSTEMPATH\Common.php(1171): CodeIgniter\View\View->render('aboutPage', [], true)
 8 APPPATH\Controllers\Home.php(17): view('aboutPage')
 9 SYSTEMPATH\CodeIgniter.php(933): App\Controllers\Home->about()
10 SYSTEMPATH\CodeIgniter.php(509): CodeIgniter\CodeIgniter->runController(Object(App\Controllers\Home))
11 SYSTEMPATH\CodeIgniter.php(355): CodeIgniter\CodeIgniter->handleRequest(null, Object(Config\Cache), false)
12 SYSTEMPATH\Boot.php(325): CodeIgniter\CodeIgniter->run()
13 SYSTEMPATH\Boot.php(67): CodeIgniter\Boot::runCodeIgniter(Object(CodeIgniter\CodeIgniter))
14 FCPATH\index.php(56): CodeIgniter\Boot::bootWeb(Object(Config\Paths))
CRITICAL - 2024-10-08 16:02:02 --> CodeIgniter\View\Exceptions\ViewException: Invalid file: "componets/top_layer.php"
[Method: GET, Route: /]
in SYSTEMPATH\Exceptions\FrameworkException.php on line 41.
 1 SYSTEMPATH\View\View.php(222): CodeIgniter\Exceptions\FrameworkException::forInvalidFile('componets/top_layer.php')
 2 SYSTEMPATH\View\View.php(487): CodeIgniter\View\View->render('componets/top_layer', null, true)
 3 APPPATH\Views\layout\main_layout.php(1): CodeIgniter\View\View->include('componets/top_layer')
 4 SYSTEMPATH\View\View.php(234): include('C:\\xampp\\htdocs\\WST-TX32-A1-Joson\\app\\Views\\layout\\main_layout.php')
 5 SYSTEMPATH\View\View.php(237): CodeIgniter\View\View->CodeIgniter\View\{closure}()
 6 SYSTEMPATH\View\View.php(250): CodeIgniter\View\View->render('layout/main_layout', [], true)
 7 SYSTEMPATH\Common.php(1171): CodeIgniter\View\View->render('landingPage', [], true)
 8 APPPATH\Controllers\Home.php(13): view('landingPage')
 9 SYSTEMPATH\CodeIgniter.php(933): App\Controllers\Home->landing()
10 SYSTEMPATH\CodeIgniter.php(509): CodeIgniter\CodeIgniter->runController(Object(App\Controllers\Home))
11 SYSTEMPATH\CodeIgniter.php(355): CodeIgniter\CodeIgniter->handleRequest(null, Object(Config\Cache), false)
12 SYSTEMPATH\Boot.php(325): CodeIgniter\CodeIgniter->run()
13 SYSTEMPATH\Boot.php(67): CodeIgniter\Boot::runCodeIgniter(Object(CodeIgniter\CodeIgniter))
14 FCPATH\index.php(56): CodeIgniter\Boot::bootWeb(Object(Config\Paths))
CRITICAL - 2024-10-08 16:02:05 --> CodeIgniter\View\Exceptions\ViewException: Invalid file: "componets/top_layer.php"
[Method: GET, Route: /]
in SYSTEMPATH\Exceptions\FrameworkException.php on line 41.
 1 SYSTEMPATH\View\View.php(222): CodeIgniter\Exceptions\FrameworkException::forInvalidFile('componets/top_layer.php')
 2 SYSTEMPATH\View\View.php(487): CodeIgniter\View\View->render('componets/top_layer', null, true)
 3 APPPATH\Views\layout\main_layout.php(1): CodeIgniter\View\View->include('componets/top_layer')
 4 SYSTEMPATH\View\View.php(234): include('C:\\xampp\\htdocs\\WST-TX32-A1-Joson\\app\\Views\\layout\\main_layout.php')
 5 SYSTEMPATH\View\View.php(237): CodeIgniter\View\View->CodeIgniter\View\{closure}()
 6 SYSTEMPATH\View\View.php(250): CodeIgniter\View\View->render('layout/main_layout', [], true)
 7 SYSTEMPATH\Common.php(1171): CodeIgniter\View\View->render('landingPage', [], true)
 8 APPPATH\Controllers\Home.php(13): view('landingPage')
 9 SYSTEMPATH\CodeIgniter.php(933): App\Controllers\Home->landing()
10 SYSTEMPATH\CodeIgniter.php(509): CodeIgniter\CodeIgniter->runController(Object(App\Controllers\Home))
11 SYSTEMPATH\CodeIgniter.php(355): CodeIgniter\CodeIgniter->handleRequest(null, Object(Config\Cache), false)
12 SYSTEMPATH\Boot.php(325): CodeIgniter\CodeIgniter->run()
13 SYSTEMPATH\Boot.php(67): CodeIgniter\Boot::runCodeIgniter(Object(CodeIgniter\CodeIgniter))
14 FCPATH\index.php(56): CodeIgniter\Boot::bootWeb(Object(Config\Paths))
CRITICAL - 2024-10-08 16:07:15 --> CodeIgniter\View\Exceptions\ViewException: Invalid file: "componets/top_layer.php"
[Method: GET, Route: /]
in SYSTEMPATH\Exceptions\FrameworkException.php on line 41.
 1 SYSTEMPATH\View\View.php(222): CodeIgniter\Exceptions\FrameworkException::forInvalidFile('componets/top_layer.php')
 2 SYSTEMPATH\View\View.php(487): CodeIgniter\View\View->render('componets/top_layer', null, true)
 3 APPPATH\Views\layout\main_layout.php(1): CodeIgniter\View\View->include('componets/top_layer')
 4 SYSTEMPATH\View\View.php(234): include('C:\\xampp\\htdocs\\WST-TX32-A1-Joson\\app\\Views\\layout\\main_layout.php')
 5 SYSTEMPATH\View\View.php(237): CodeIgniter\View\View->CodeIgniter\View\{closure}()
 6 SYSTEMPATH\View\View.php(250): CodeIgniter\View\View->render('layout/main_layout', [], true)
 7 SYSTEMPATH\Common.php(1171): CodeIgniter\View\View->render('landingPage', [], true)
 8 APPPATH\Controllers\Home.php(13): view('landingPage')
 9 SYSTEMPATH\CodeIgniter.php(933): App\Controllers\Home->landing()
10 SYSTEMPATH\CodeIgniter.php(509): CodeIgniter\CodeIgniter->runController(Object(App\Controllers\Home))
11 SYSTEMPATH\CodeIgniter.php(355): CodeIgniter\CodeIgniter->handleRequest(null, Object(Config\Cache), false)
12 SYSTEMPATH\Boot.php(325): CodeIgniter\CodeIgniter->run()
13 SYSTEMPATH\Boot.php(67): CodeIgniter\Boot::runCodeIgniter(Object(CodeIgniter\CodeIgniter))
14 FCPATH\index.php(56): CodeIgniter\Boot::bootWeb(Object(Config\Paths))
CRITICAL - 2024-10-08 16:07:23 --> CodeIgniter\View\Exceptions\ViewException: Invalid file: "componets/top_layer.php"
[Method: GET, Route: /]
in SYSTEMPATH\Exceptions\FrameworkException.php on line 41.
 1 SYSTEMPATH\View\View.php(222): CodeIgniter\Exceptions\FrameworkException::forInvalidFile('componets/top_layer.php')
 2 SYSTEMPATH\View\View.php(487): CodeIgniter\View\View->render('componets/top_layer', null, true)
 3 APPPATH\Views\layout\main_layout.php(1): CodeIgniter\View\View->include('componets/top_layer')
 4 SYSTEMPATH\View\View.php(234): include('C:\\xampp\\htdocs\\WST-TX32-A1-Joson\\app\\Views\\layout\\main_layout.php')
 5 SYSTEMPATH\View\View.php(237): CodeIgniter\View\View->CodeIgniter\View\{closure}()
 6 SYSTEMPATH\View\View.php(250): CodeIgniter\View\View->render('layout/main_layout', [], true)
 7 SYSTEMPATH\Common.php(1171): CodeIgniter\View\View->render('landingPage', [], true)
 8 APPPATH\Controllers\Home.php(13): view('landingPage')
 9 SYSTEMPATH\CodeIgniter.php(933): App\Controllers\Home->landing()
10 SYSTEMPATH\CodeIgniter.php(509): CodeIgniter\CodeIgniter->runController(Object(App\Controllers\Home))
11 SYSTEMPATH\CodeIgniter.php(355): CodeIgniter\CodeIgniter->handleRequest(null, Object(Config\Cache), false)
12 SYSTEMPATH\Boot.php(325): CodeIgniter\CodeIgniter->run()
13 SYSTEMPATH\Boot.php(67): CodeIgniter\Boot::runCodeIgniter(Object(CodeIgniter\CodeIgniter))
14 FCPATH\index.php(56): CodeIgniter\Boot::bootWeb(Object(Config\Paths))
CRITICAL - 2024-10-08 16:08:57 --> CodeIgniter\View\Exceptions\ViewException: Invalid file: "componets/top_layer.php"
[Method: GET, Route: /]
in SYSTEMPATH\Exceptions\FrameworkException.php on line 41.
 1 SYSTEMPATH\View\View.php(222): CodeIgniter\Exceptions\FrameworkException::forInvalidFile('componets/top_layer.php')
 2 SYSTEMPATH\View\View.php(487): CodeIgniter\View\View->render('componets/top_layer', null, true)
 3 APPPATH\Views\layout\main_layout.php(1): CodeIgniter\View\View->include('componets/top_layer')
 4 SYSTEMPATH\View\View.php(234): include('C:\\xampp\\htdocs\\WST-TX32-A1-Joson\\app\\Views\\layout\\main_layout.php')
 5 SYSTEMPATH\View\View.php(237): CodeIgniter\View\View->CodeIgniter\View\{closure}()
 6 SYSTEMPATH\View\View.php(250): CodeIgniter\View\View->render('layout/main_layout', [], true)
 7 SYSTEMPATH\Common.php(1171): CodeIgniter\View\View->render('landingPage', [], true)
 8 APPPATH\Controllers\Home.php(13): view('landingPage')
 9 SYSTEMPATH\CodeIgniter.php(933): App\Controllers\Home->landing()
10 SYSTEMPATH\CodeIgniter.php(509): CodeIgniter\CodeIgniter->runController(Object(App\Controllers\Home))
11 SYSTEMPATH\CodeIgniter.php(355): CodeIgniter\CodeIgniter->handleRequest(null, Object(Config\Cache), false)
12 SYSTEMPATH\Boot.php(325): CodeIgniter\CodeIgniter->run()
13 SYSTEMPATH\Boot.php(67): CodeIgniter\Boot::runCodeIgniter(Object(CodeIgniter\CodeIgniter))
14 FCPATH\index.php(56): CodeIgniter\Boot::bootWeb(Object(Config\Paths))
CRITICAL - 2024-10-08 16:15:26 --> CodeIgniter\View\Exceptions\ViewException: Invalid file: "componets/top_layer.php"
[Method: GET, Route: /]
in SYSTEMPATH\Exceptions\FrameworkException.php on line 41.
 1 SYSTEMPATH\View\View.php(222): CodeIgniter\Exceptions\FrameworkException::forInvalidFile('componets/top_layer.php')
 2 SYSTEMPATH\View\View.php(487): CodeIgniter\View\View->render('componets/top_layer', null, true)
 3 APPPATH\Views\layout\main_layout.php(1): CodeIgniter\View\View->include('componets/top_layer')
 4 SYSTEMPATH\View\View.php(234): include('C:\\xampp\\htdocs\\WST-TX32-A1-Joson\\app\\Views\\layout\\main_layout.php')
 5 SYSTEMPATH\View\View.php(237): CodeIgniter\View\View->CodeIgniter\View\{closure}()
 6 SYSTEMPATH\View\View.php(250): CodeIgniter\View\View->render('layout/main_layout', [], true)
 7 SYSTEMPATH\Common.php(1171): CodeIgniter\View\View->render('landingPage', [], true)
 8 APPPATH\Controllers\Home.php(13): view('landingPage')
 9 SYSTEMPATH\CodeIgniter.php(933): App\Controllers\Home->landing()
10 SYSTEMPATH\CodeIgniter.php(509): CodeIgniter\CodeIgniter->runController(Object(App\Controllers\Home))
11 SYSTEMPATH\CodeIgniter.php(355): CodeIgniter\CodeIgniter->handleRequest(null, Object(Config\Cache), false)
12 SYSTEMPATH\Boot.php(325): CodeIgniter\CodeIgniter->run()
13 SYSTEMPATH\Boot.php(67): CodeIgniter\Boot::runCodeIgniter(Object(CodeIgniter\CodeIgniter))
14 FCPATH\index.php(56): CodeIgniter\Boot::bootWeb(Object(Config\Paths))
CRITICAL - 2024-10-08 16:15:28 --> CodeIgniter\View\Exceptions\ViewException: Invalid file: "componets/top_layer.php"
[Method: GET, Route: /]
in SYSTEMPATH\Exceptions\FrameworkException.php on line 41.
 1 SYSTEMPATH\View\View.php(222): CodeIgniter\Exceptions\FrameworkException::forInvalidFile('componets/top_layer.php')
 2 SYSTEMPATH\View\View.php(487): CodeIgniter\View\View->render('componets/top_layer', null, true)
 3 APPPATH\Views\layout\main_layout.php(1): CodeIgniter\View\View->include('componets/top_layer')
 4 SYSTEMPATH\View\View.php(234): include('C:\\xampp\\htdocs\\WST-TX32-A1-Joson\\app\\Views\\layout\\main_layout.php')
 5 SYSTEMPATH\View\View.php(237): CodeIgniter\View\View->CodeIgniter\View\{closure}()
 6 SYSTEMPATH\View\View.php(250): CodeIgniter\View\View->render('layout/main_layout', [], true)
 7 SYSTEMPATH\Common.php(1171): CodeIgniter\View\View->render('landingPage', [], true)
 8 APPPATH\Controllers\Home.php(13): view('landingPage')
 9 SYSTEMPATH\CodeIgniter.php(933): App\Controllers\Home->landing()
10 SYSTEMPATH\CodeIgniter.php(509): CodeIgniter\CodeIgniter->runController(Object(App\Controllers\Home))
11 SYSTEMPATH\CodeIgniter.php(355): CodeIgniter\CodeIgniter->handleRequest(null, Object(Config\Cache), false)
12 SYSTEMPATH\Boot.php(325): CodeIgniter\CodeIgniter->run()
13 SYSTEMPATH\Boot.php(67): CodeIgniter\Boot::runCodeIgniter(Object(CodeIgniter\CodeIgniter))
14 FCPATH\index.php(56): CodeIgniter\Boot::bootWeb(Object(Config\Paths))
CRITICAL - 2024-10-08 16:22:29 --> CodeIgniter\View\Exceptions\ViewException: Invalid file: "componets/top_layer.php"
[Method: GET, Route: /]
in SYSTEMPATH\Exceptions\FrameworkException.php on line 41.
 1 SYSTEMPATH\View\View.php(222): CodeIgniter\Exceptions\FrameworkException::forInvalidFile('componets/top_layer.php')
 2 SYSTEMPATH\View\View.php(487): CodeIgniter\View\View->render('componets/top_layer', null, true)
 3 APPPATH\Views\layout\main_layout.php(1): CodeIgniter\View\View->include('componets/top_layer')
 4 SYSTEMPATH\View\View.php(234): include('C:\\xampp\\htdocs\\WST-TX32-A1-Joson\\app\\Views\\layout\\main_layout.php')
 5 SYSTEMPATH\View\View.php(237): CodeIgniter\View\View->CodeIgniter\View\{closure}()
 6 SYSTEMPATH\View\View.php(250): CodeIgniter\View\View->render('layout/main_layout', [], true)
 7 SYSTEMPATH\Common.php(1171): CodeIgniter\View\View->render('landingPage', [], true)
 8 APPPATH\Controllers\Home.php(13): view('landingPage')
 9 SYSTEMPATH\CodeIgniter.php(933): App\Controllers\Home->landing()
10 SYSTEMPATH\CodeIgniter.php(509): CodeIgniter\CodeIgniter->runController(Object(App\Controllers\Home))
11 SYSTEMPATH\CodeIgniter.php(355): CodeIgniter\CodeIgniter->handleRequest(null, Object(Config\Cache), false)
12 SYSTEMPATH\Boot.php(325): CodeIgniter\CodeIgniter->run()
13 SYSTEMPATH\Boot.php(67): CodeIgniter\Boot::runCodeIgniter(Object(CodeIgniter\CodeIgniter))
14 FCPATH\index.php(56): CodeIgniter\Boot::bootWeb(Object(Config\Paths))
CRITICAL - 2024-10-08 16:22:45 --> CodeIgniter\View\Exceptions\ViewException: Invalid file: "componets/top_layer.php"
[Method: GET, Route: /]
in SYSTEMPATH\Exceptions\FrameworkException.php on line 41.
 1 SYSTEMPATH\View\View.php(222): CodeIgniter\Exceptions\FrameworkException::forInvalidFile('componets/top_layer.php')
 2 SYSTEMPATH\View\View.php(487): CodeIgniter\View\View->render('componets/top_layer', null, true)
 3 APPPATH\Views\layout\main_layout.php(1): CodeIgniter\View\View->include('componets/top_layer')
 4 SYSTEMPATH\View\View.php(234): include('C:\\xampp\\htdocs\\WST-TX32-A1-Joson\\app\\Views\\layout\\main_layout.php')
 5 SYSTEMPATH\View\View.php(237): CodeIgniter\View\View->CodeIgniter\View\{closure}()
 6 SYSTEMPATH\View\View.php(250): CodeIgniter\View\View->render('layout/main_layout', [], true)
 7 SYSTEMPATH\Common.php(1171): CodeIgniter\View\View->render('landingPage', [], true)
 8 APPPATH\Controllers\Home.php(13): view('landingPage')
 9 SYSTEMPATH\CodeIgniter.php(933): App\Controllers\Home->landing()
10 SYSTEMPATH\CodeIgniter.php(509): CodeIgniter\CodeIgniter->runController(Object(App\Controllers\Home))
11 SYSTEMPATH\CodeIgniter.php(355): CodeIgniter\CodeIgniter->handleRequest(null, Object(Config\Cache), false)
12 SYSTEMPATH\Boot.php(325): CodeIgniter\CodeIgniter->run()
13 SYSTEMPATH\Boot.php(67): CodeIgniter\Boot::runCodeIgniter(Object(CodeIgniter\CodeIgniter))
14 FCPATH\index.php(56): CodeIgniter\Boot::bootWeb(Object(Config\Paths))
CRITICAL - 2024-10-08 16:27:35 --> CodeIgniter\View\Exceptions\ViewException: Invalid file: "componets/top_layer.php"
[Method: GET, Route: /]
in SYSTEMPATH\Exceptions\FrameworkException.php on line 41.
 1 SYSTEMPATH\View\View.php(222): CodeIgniter\Exceptions\FrameworkException::forInvalidFile('componets/top_layer.php')
 2 SYSTEMPATH\View\View.php(487): CodeIgniter\View\View->render('componets/top_layer', null, true)
 3 APPPATH\Views\layout\main_layout.php(1): CodeIgniter\View\View->include('componets/top_layer')
 4 SYSTEMPATH\View\View.php(234): include('C:\\xampp\\htdocs\\WST-TX32-A1-Joson\\app\\Views\\layout\\main_layout.php')
 5 SYSTEMPATH\View\View.php(237): CodeIgniter\View\View->CodeIgniter\View\{closure}()
 6 SYSTEMPATH\View\View.php(250): CodeIgniter\View\View->render('layout/main_layout', [], true)
 7 SYSTEMPATH\Common.php(1171): CodeIgniter\View\View->render('landingPage', [], true)
 8 APPPATH\Controllers\Home.php(13): view('landingPage')
 9 SYSTEMPATH\CodeIgniter.php(933): App\Controllers\Home->landing()
10 SYSTEMPATH\CodeIgniter.php(509): CodeIgniter\CodeIgniter->runController(Object(App\Controllers\Home))
11 SYSTEMPATH\CodeIgniter.php(355): CodeIgniter\CodeIgniter->handleRequest(null, Object(Config\Cache), false)
12 SYSTEMPATH\Boot.php(325): CodeIgniter\CodeIgniter->run()
13 SYSTEMPATH\Boot.php(67): CodeIgniter\Boot::runCodeIgniter(Object(CodeIgniter\CodeIgniter))
14 FCPATH\index.php(56): CodeIgniter\Boot::bootWeb(Object(Config\Paths))
CRITICAL - 2024-10-08 16:29:10 --> CodeIgniter\View\Exceptions\ViewException: Invalid file: "componets/top_layer.php"
[Method: GET, Route: /]
in SYSTEMPATH\Exceptions\FrameworkException.php on line 41.
 1 SYSTEMPATH\View\View.php(222): CodeIgniter\Exceptions\FrameworkException::forInvalidFile('componets/top_layer.php')
 2 SYSTEMPATH\View\View.php(487): CodeIgniter\View\View->render('componets/top_layer', null, true)
 3 APPPATH\Views\layout\main_layout.php(1): CodeIgniter\View\View->include('componets/top_layer')
 4 SYSTEMPATH\View\View.php(234): include('C:\\xampp\\htdocs\\WST-TX32-A1-Joson\\app\\Views\\layout\\main_layout.php')
 5 SYSTEMPATH\View\View.php(237): CodeIgniter\View\View->CodeIgniter\View\{closure}()
 6 SYSTEMPATH\View\View.php(250): CodeIgniter\View\View->render('layout/main_layout', [], true)
 7 SYSTEMPATH\Common.php(1171): CodeIgniter\View\View->render('landingPage', [], true)
 8 APPPATH\Controllers\Home.php(13): view('landingPage')
 9 SYSTEMPATH\CodeIgniter.php(933): App\Controllers\Home->landing()
10 SYSTEMPATH\CodeIgniter.php(509): CodeIgniter\CodeIgniter->runController(Object(App\Controllers\Home))
11 SYSTEMPATH\CodeIgniter.php(355): CodeIgniter\CodeIgniter->handleRequest(null, Object(Config\Cache), false)
12 SYSTEMPATH\Boot.php(325): CodeIgniter\CodeIgniter->run()
13 SYSTEMPATH\Boot.php(67): CodeIgniter\Boot::runCodeIgniter(Object(CodeIgniter\CodeIgniter))
14 FCPATH\index.php(56): CodeIgniter\Boot::bootWeb(Object(Config\Paths))
CRITICAL - 2024-10-08 16:30:03 --> CodeIgniter\View\Exceptions\ViewException: Invalid file: "componets/top_layer.php"
[Method: GET, Route: /]
in SYSTEMPATH\Exceptions\FrameworkException.php on line 41.
 1 SYSTEMPATH\View\View.php(222): CodeIgniter\Exceptions\FrameworkException::forInvalidFile('componets/top_layer.php')
 2 SYSTEMPATH\View\View.php(487): CodeIgniter\View\View->render('componets/top_layer', null, true)
 3 APPPATH\Views\layout\main_layout.php(1): CodeIgniter\View\View->include('componets/top_layer')
 4 SYSTEMPATH\View\View.php(234): include('C:\\xampp\\htdocs\\WST-TX32-A1-Joson\\app\\Views\\layout\\main_layout.php')
 5 SYSTEMPATH\View\View.php(237): CodeIgniter\View\View->CodeIgniter\View\{closure}()
 6 SYSTEMPATH\View\View.php(250): CodeIgniter\View\View->render('layout/main_layout', [], true)
 7 SYSTEMPATH\Common.php(1171): CodeIgniter\View\View->render('landingPage', [], true)
 8 APPPATH\Controllers\Home.php(13): view('landingPage')
 9 SYSTEMPATH\CodeIgniter.php(933): App\Controllers\Home->landing()
10 SYSTEMPATH\CodeIgniter.php(509): CodeIgniter\CodeIgniter->runController(Object(App\Controllers\Home))
11 SYSTEMPATH\CodeIgniter.php(355): CodeIgniter\CodeIgniter->handleRequest(null, Object(Config\Cache), false)
12 SYSTEMPATH\Boot.php(325): CodeIgniter\CodeIgniter->run()
13 SYSTEMPATH\Boot.php(67): CodeIgniter\Boot::runCodeIgniter(Object(CodeIgniter\CodeIgniter))
14 FCPATH\index.php(56): CodeIgniter\Boot::bootWeb(Object(Config\Paths))
CRITICAL - 2024-10-08 16:35:43 --> CodeIgniter\View\Exceptions\ViewException: Invalid file: "componets/top_layer.php"
[Method: GET, Route: /]
in SYSTEMPATH\Exceptions\FrameworkException.php on line 41.
 1 SYSTEMPATH\View\View.php(222): CodeIgniter\Exceptions\FrameworkException::forInvalidFile('componets/top_layer.php')
 2 SYSTEMPATH\View\View.php(487): CodeIgniter\View\View->render('componets/top_layer', null, true)
 3 APPPATH\Views\layout\main_layout.php(1): CodeIgniter\View\View->include('componets/top_layer')
 4 SYSTEMPATH\View\View.php(234): include('C:\\xampp\\htdocs\\WST-TX32-A1-Joson\\app\\Views\\layout\\main_layout.php')
 5 SYSTEMPATH\View\View.php(237): CodeIgniter\View\View->CodeIgniter\View\{closure}()
 6 SYSTEMPATH\View\View.php(250): CodeIgniter\View\View->render('layout/main_layout', [], true)
 7 SYSTEMPATH\Common.php(1171): CodeIgniter\View\View->render('landingPage', [], true)
 8 APPPATH\Controllers\Home.php(13): view('landingPage')
 9 SYSTEMPATH\CodeIgniter.php(933): App\Controllers\Home->landing()
10 SYSTEMPATH\CodeIgniter.php(509): CodeIgniter\CodeIgniter->runController(Object(App\Controllers\Home))
11 SYSTEMPATH\CodeIgniter.php(355): CodeIgniter\CodeIgniter->handleRequest(null, Object(Config\Cache), false)
12 SYSTEMPATH\Boot.php(325): CodeIgniter\CodeIgniter->run()
13 SYSTEMPATH\Boot.php(67): CodeIgniter\Boot::runCodeIgniter(Object(CodeIgniter\CodeIgniter))
14 FCPATH\index.php(56): CodeIgniter\Boot::bootWeb(Object(Config\Paths))
CRITICAL - 2024-10-08 16:37:45 --> CodeIgniter\View\Exceptions\ViewException: Invalid file: "componets/top_layer.php"
[Method: GET, Route: /]
in SYSTEMPATH\Exceptions\FrameworkException.php on line 41.
 1 SYSTEMPATH\View\View.php(222): CodeIgniter\Exceptions\FrameworkException::forInvalidFile('componets/top_layer.php')
 2 SYSTEMPATH\View\View.php(487): CodeIgniter\View\View->render('componets/top_layer', null, true)
 3 APPPATH\Views\layout\main_layout.php(1): CodeIgniter\View\View->include('componets/top_layer')
 4 SYSTEMPATH\View\View.php(234): include('C:\\xampp\\htdocs\\WST-TX32-A1-Joson\\app\\Views\\layout\\main_layout.php')
 5 SYSTEMPATH\View\View.php(237): CodeIgniter\View\View->CodeIgniter\View\{closure}()
 6 SYSTEMPATH\View\View.php(250): CodeIgniter\View\View->render('layout/main_layout', [], true)
 7 SYSTEMPATH\Common.php(1171): CodeIgniter\View\View->render('landingPage', [], true)
 8 APPPATH\Controllers\Home.php(13): view('landingPage')
 9 SYSTEMPATH\CodeIgniter.php(933): App\Controllers\Home->landing()
10 SYSTEMPATH\CodeIgniter.php(509): CodeIgniter\CodeIgniter->runController(Object(App\Controllers\Home))
11 SYSTEMPATH\CodeIgniter.php(355): CodeIgniter\CodeIgniter->handleRequest(null, Object(Config\Cache), false)
12 SYSTEMPATH\Boot.php(325): CodeIgniter\CodeIgniter->run()
13 SYSTEMPATH\Boot.php(67): CodeIgniter\Boot::runCodeIgniter(Object(CodeIgniter\CodeIgniter))
14 FCPATH\index.php(56): CodeIgniter\Boot::bootWeb(Object(Config\Paths))
CRITICAL - 2024-10-08 16:37:48 --> CodeIgniter\View\Exceptions\ViewException: Invalid file: "componets/top_layer.php"
[Method: GET, Route: /]
in SYSTEMPATH\Exceptions\FrameworkException.php on line 41.
 1 SYSTEMPATH\View\View.php(222): CodeIgniter\Exceptions\FrameworkException::forInvalidFile('componets/top_layer.php')
 2 SYSTEMPATH\View\View.php(487): CodeIgniter\View\View->render('componets/top_layer', null, true)
 3 APPPATH\Views\layout\main_layout.php(1): CodeIgniter\View\View->include('componets/top_layer')
 4 SYSTEMPATH\View\View.php(234): include('C:\\xampp\\htdocs\\WST-TX32-A1-Joson\\app\\Views\\layout\\main_layout.php')
 5 SYSTEMPATH\View\View.php(237): CodeIgniter\View\View->CodeIgniter\View\{closure}()
 6 SYSTEMPATH\View\View.php(250): CodeIgniter\View\View->render('layout/main_layout', [], true)
 7 SYSTEMPATH\Common.php(1171): CodeIgniter\View\View->render('landingPage', [], true)
 8 APPPATH\Controllers\Home.php(13): view('landingPage')
 9 SYSTEMPATH\CodeIgniter.php(933): App\Controllers\Home->landing()
10 SYSTEMPATH\CodeIgniter.php(509): CodeIgniter\CodeIgniter->runController(Object(App\Controllers\Home))
11 SYSTEMPATH\CodeIgniter.php(355): CodeIgniter\CodeIgniter->handleRequest(null, Object(Config\Cache), false)
12 SYSTEMPATH\Boot.php(325): CodeIgniter\CodeIgniter->run()
13 SYSTEMPATH\Boot.php(67): CodeIgniter\Boot::runCodeIgniter(Object(CodeIgniter\CodeIgniter))
14 FCPATH\index.php(56): CodeIgniter\Boot::bootWeb(Object(Config\Paths))
CRITICAL - 2024-10-08 16:38:06 --> CodeIgniter\View\Exceptions\ViewException: Invalid file: "componets/top_layer.php"
[Method: GET, Route: /]
in SYSTEMPATH\Exceptions\FrameworkException.php on line 41.
 1 SYSTEMPATH\View\View.php(222): CodeIgniter\Exceptions\FrameworkException::forInvalidFile('componets/top_layer.php')
 2 SYSTEMPATH\View\View.php(487): CodeIgniter\View\View->render('componets/top_layer', null, true)
 3 APPPATH\Views\layout\main_layout.php(1): CodeIgniter\View\View->include('componets/top_layer')
 4 SYSTEMPATH\View\View.php(234): include('C:\\xampp\\htdocs\\WST-TX32-A1-Joson\\app\\Views\\layout\\main_layout.php')
 5 SYSTEMPATH\View\View.php(237): CodeIgniter\View\View->CodeIgniter\View\{closure}()
 6 SYSTEMPATH\View\View.php(250): CodeIgniter\View\View->render('layout/main_layout', [], true)
 7 SYSTEMPATH\Common.php(1171): CodeIgniter\View\View->render('landingPage', [], true)
 8 APPPATH\Controllers\Home.php(13): view('landingPage')
 9 SYSTEMPATH\CodeIgniter.php(933): App\Controllers\Home->landing()
10 SYSTEMPATH\CodeIgniter.php(509): CodeIgniter\CodeIgniter->runController(Object(App\Controllers\Home))
11 SYSTEMPATH\CodeIgniter.php(355): CodeIgniter\CodeIgniter->handleRequest(null, Object(Config\Cache), false)
12 SYSTEMPATH\Boot.php(325): CodeIgniter\CodeIgniter->run()
13 SYSTEMPATH\Boot.php(67): CodeIgniter\Boot::runCodeIgniter(Object(CodeIgniter\CodeIgniter))
14 FCPATH\index.php(56): CodeIgniter\Boot::bootWeb(Object(Config\Paths))
CRITICAL - 2024-10-08 16:38:39 --> CodeIgniter\View\Exceptions\ViewException: Invalid file: "componets/top_layer.php"
[Method: GET, Route: /]
in SYSTEMPATH\Exceptions\FrameworkException.php on line 41.
 1 SYSTEMPATH\View\View.php(222): CodeIgniter\Exceptions\FrameworkException::forInvalidFile('componets/top_layer.php')
 2 SYSTEMPATH\View\View.php(487): CodeIgniter\View\View->render('componets/top_layer', null, true)
 3 APPPATH\Views\layout\main_layout.php(1): CodeIgniter\View\View->include('componets/top_layer')
 4 SYSTEMPATH\View\View.php(234): include('C:\\xampp\\htdocs\\WST-TX32-A1-Joson\\app\\Views\\layout\\main_layout.php')
 5 SYSTEMPATH\View\View.php(237): CodeIgniter\View\View->CodeIgniter\View\{closure}()
 6 SYSTEMPATH\View\View.php(250): CodeIgniter\View\View->render('layout/main_layout', [], true)
 7 SYSTEMPATH\Common.php(1171): CodeIgniter\View\View->render('landingPage', [], true)
 8 APPPATH\Controllers\Home.php(13): view('landingPage')
 9 SYSTEMPATH\CodeIgniter.php(933): App\Controllers\Home->landing()
10 SYSTEMPATH\CodeIgniter.php(509): CodeIgniter\CodeIgniter->runController(Object(App\Controllers\Home))
11 SYSTEMPATH\CodeIgniter.php(355): CodeIgniter\CodeIgniter->handleRequest(null, Object(Config\Cache), false)
12 SYSTEMPATH\Boot.php(325): CodeIgniter\CodeIgniter->run()
13 SYSTEMPATH\Boot.php(67): CodeIgniter\Boot::runCodeIgniter(Object(CodeIgniter\CodeIgniter))
14 FCPATH\index.php(56): CodeIgniter\Boot::bootWeb(Object(Config\Paths))
CRITICAL - 2024-10-08 16:38:42 --> CodeIgniter\View\Exceptions\ViewException: Invalid file: "componets/top_layer.php"
[Method: GET, Route: /]
in SYSTEMPATH\Exceptions\FrameworkException.php on line 41.
 1 SYSTEMPATH\View\View.php(222): CodeIgniter\Exceptions\FrameworkException::forInvalidFile('componets/top_layer.php')
 2 SYSTEMPATH\View\View.php(487): CodeIgniter\View\View->render('componets/top_layer', null, true)
 3 APPPATH\Views\layout\main_layout.php(1): CodeIgniter\View\View->include('componets/top_layer')
 4 SYSTEMPATH\View\View.php(234): include('C:\\xampp\\htdocs\\WST-TX32-A1-Joson\\app\\Views\\layout\\main_layout.php')
 5 SYSTEMPATH\View\View.php(237): CodeIgniter\View\View->CodeIgniter\View\{closure}()
 6 SYSTEMPATH\View\View.php(250): CodeIgniter\View\View->render('layout/main_layout', [], true)
 7 SYSTEMPATH\Common.php(1171): CodeIgniter\View\View->render('landingPage', [], true)
 8 APPPATH\Controllers\Home.php(13): view('landingPage')
 9 SYSTEMPATH\CodeIgniter.php(933): App\Controllers\Home->landing()
10 SYSTEMPATH\CodeIgniter.php(509): CodeIgniter\CodeIgniter->runController(Object(App\Controllers\Home))
11 SYSTEMPATH\CodeIgniter.php(355): CodeIgniter\CodeIgniter->handleRequest(null, Object(Config\Cache), false)
12 SYSTEMPATH\Boot.php(325): CodeIgniter\CodeIgniter->run()
13 SYSTEMPATH\Boot.php(67): CodeIgniter\Boot::runCodeIgniter(Object(CodeIgniter\CodeIgniter))
14 FCPATH\index.php(56): CodeIgniter\Boot::bootWeb(Object(Config\Paths))
CRITICAL - 2024-10-08 16:39:06 --> CodeIgniter\View\Exceptions\ViewException: Invalid file: "componets/top_layer.php"
[Method: GET, Route: /]
in SYSTEMPATH\Exceptions\FrameworkException.php on line 41.
 1 SYSTEMPATH\View\View.php(222): CodeIgniter\Exceptions\FrameworkException::forInvalidFile('componets/top_layer.php')
 2 SYSTEMPATH\View\View.php(487): CodeIgniter\View\View->render('componets/top_layer', null, true)
 3 APPPATH\Views\layout\main_layout.php(1): CodeIgniter\View\View->include('componets/top_layer')
 4 SYSTEMPATH\View\View.php(234): include('C:\\xampp\\htdocs\\WST-TX32-A1-Joson\\app\\Views\\layout\\main_layout.php')
 5 SYSTEMPATH\View\View.php(237): CodeIgniter\View\View->CodeIgniter\View\{closure}()
 6 SYSTEMPATH\View\View.php(250): CodeIgniter\View\View->render('layout/main_layout', [], true)
 7 SYSTEMPATH\Common.php(1171): CodeIgniter\View\View->render('landingPage', [], true)
 8 APPPATH\Controllers\Home.php(13): view('landingPage')
 9 SYSTEMPATH\CodeIgniter.php(933): App\Controllers\Home->landing()
10 SYSTEMPATH\CodeIgniter.php(509): CodeIgniter\CodeIgniter->runController(Object(App\Controllers\Home))
11 SYSTEMPATH\CodeIgniter.php(355): CodeIgniter\CodeIgniter->handleRequest(null, Object(Config\Cache), false)
12 SYSTEMPATH\Boot.php(325): CodeIgniter\CodeIgniter->run()
13 SYSTEMPATH\Boot.php(67): CodeIgniter\Boot::runCodeIgniter(Object(CodeIgniter\CodeIgniter))
14 FCPATH\index.php(56): CodeIgniter\Boot::bootWeb(Object(Config\Paths))
CRITICAL - 2024-10-08 16:39:18 --> CodeIgniter\View\Exceptions\ViewException: Invalid file: "componets/top_layer.php"
[Method: GET, Route: about]
in SYSTEMPATH\Exceptions\FrameworkException.php on line 41.
 1 SYSTEMPATH\View\View.php(222): CodeIgniter\Exceptions\FrameworkException::forInvalidFile('componets/top_layer.php')
 2 SYSTEMPATH\View\View.php(487): CodeIgniter\View\View->render('componets/top_layer', null, true)
 3 APPPATH\Views\layout\main_layout.php(1): CodeIgniter\View\View->include('componets/top_layer')
 4 SYSTEMPATH\View\View.php(234): include('C:\\xampp\\htdocs\\WST-TX32-A1-Joson\\app\\Views\\layout\\main_layout.php')
 5 SYSTEMPATH\View\View.php(237): CodeIgniter\View\View->CodeIgniter\View\{closure}()
 6 SYSTEMPATH\View\View.php(250): CodeIgniter\View\View->render('layout/main_layout', [], true)
 7 SYSTEMPATH\Common.php(1171): CodeIgniter\View\View->render('aboutPage', [], true)
 8 APPPATH\Controllers\Home.php(17): view('aboutPage')
 9 SYSTEMPATH\CodeIgniter.php(933): App\Controllers\Home->about()
10 SYSTEMPATH\CodeIgniter.php(509): CodeIgniter\CodeIgniter->runController(Object(App\Controllers\Home))
11 SYSTEMPATH\CodeIgniter.php(355): CodeIgniter\CodeIgniter->handleRequest(null, Object(Config\Cache), false)
12 SYSTEMPATH\Boot.php(325): CodeIgniter\CodeIgniter->run()
13 SYSTEMPATH\Boot.php(67): CodeIgniter\Boot::runCodeIgniter(Object(CodeIgniter\CodeIgniter))
14 FCPATH\index.php(56): CodeIgniter\Boot::bootWeb(Object(Config\Paths))
CRITICAL - 2024-10-08 16:40:36 --> CodeIgniter\View\Exceptions\ViewException: Invalid file: "componets/top_layer.php"
[Method: GET, Route: about]
in SYSTEMPATH\Exceptions\FrameworkException.php on line 41.
 1 SYSTEMPATH\View\View.php(222): CodeIgniter\Exceptions\FrameworkException::forInvalidFile('componets/top_layer.php')
 2 SYSTEMPATH\View\View.php(487): CodeIgniter\View\View->render('componets/top_layer', null, true)
 3 APPPATH\Views\layout\main_layout.php(1): CodeIgniter\View\View->include('componets/top_layer')
 4 SYSTEMPATH\View\View.php(234): include('C:\\xampp\\htdocs\\WST-TX32-A1-Joson\\app\\Views\\layout\\main_layout.php')
 5 SYSTEMPATH\View\View.php(237): CodeIgniter\View\View->CodeIgniter\View\{closure}()
 6 SYSTEMPATH\View\View.php(250): CodeIgniter\View\View->render('layout/main_layout', [], true)
 7 SYSTEMPATH\Common.php(1171): CodeIgniter\View\View->render('aboutPage', [], true)
 8 APPPATH\Controllers\Home.php(17): view('aboutPage')
 9 SYSTEMPATH\CodeIgniter.php(933): App\Controllers\Home->about()
10 SYSTEMPATH\CodeIgniter.php(509): CodeIgniter\CodeIgniter->runController(Object(App\Controllers\Home))
11 SYSTEMPATH\CodeIgniter.php(355): CodeIgniter\CodeIgniter->handleRequest(null, Object(Config\Cache), false)
12 SYSTEMPATH\Boot.php(325): CodeIgniter\CodeIgniter->run()
13 SYSTEMPATH\Boot.php(67): CodeIgniter\Boot::runCodeIgniter(Object(CodeIgniter\CodeIgniter))
14 FCPATH\index.php(56): CodeIgniter\Boot::bootWeb(Object(Config\Paths))
CRITICAL - 2024-10-08 16:40:39 --> CodeIgniter\View\Exceptions\ViewException: Invalid file: "componets/top_layer.php"
[Method: GET, Route: about]
in SYSTEMPATH\Exceptions\FrameworkException.php on line 41.
 1 SYSTEMPATH\View\View.php(222): CodeIgniter\Exceptions\FrameworkException::forInvalidFile('componets/top_layer.php')
 2 SYSTEMPATH\View\View.php(487): CodeIgniter\View\View->render('componets/top_layer', null, true)
 3 APPPATH\Views\layout\main_layout.php(1): CodeIgniter\View\View->include('componets/top_layer')
 4 SYSTEMPATH\View\View.php(234): include('C:\\xampp\\htdocs\\WST-TX32-A1-Joson\\app\\Views\\layout\\main_layout.php')
 5 SYSTEMPATH\View\View.php(237): CodeIgniter\View\View->CodeIgniter\View\{closure}()
 6 SYSTEMPATH\View\View.php(250): CodeIgniter\View\View->render('layout/main_layout', [], true)
 7 SYSTEMPATH\Common.php(1171): CodeIgniter\View\View->render('aboutPage', [], true)
 8 APPPATH\Controllers\Home.php(17): view('aboutPage')
 9 SYSTEMPATH\CodeIgniter.php(933): App\Controllers\Home->about()
10 SYSTEMPATH\CodeIgniter.php(509): CodeIgniter\CodeIgniter->runController(Object(App\Controllers\Home))
11 SYSTEMPATH\CodeIgniter.php(355): CodeIgniter\CodeIgniter->handleRequest(null, Object(Config\Cache), false)
12 SYSTEMPATH\Boot.php(325): CodeIgniter\CodeIgniter->run()
13 SYSTEMPATH\Boot.php(67): CodeIgniter\Boot::runCodeIgniter(Object(CodeIgniter\CodeIgniter))
14 FCPATH\index.php(56): CodeIgniter\Boot::bootWeb(Object(Config\Paths))
CRITICAL - 2024-10-08 16:40:44 --> CodeIgniter\View\Exceptions\ViewException: Invalid file: "componets/top_layer.php"
[Method: GET, Route: /]
in SYSTEMPATH\Exceptions\FrameworkException.php on line 41.
 1 SYSTEMPATH\View\View.php(222): CodeIgniter\Exceptions\FrameworkException::forInvalidFile('componets/top_layer.php')
 2 SYSTEMPATH\View\View.php(487): CodeIgniter\View\View->render('componets/top_layer', null, true)
 3 APPPATH\Views\layout\main_layout.php(1): CodeIgniter\View\View->include('componets/top_layer')
 4 SYSTEMPATH\View\View.php(234): include('C:\\xampp\\htdocs\\WST-TX32-A1-Joson\\app\\Views\\layout\\main_layout.php')
 5 SYSTEMPATH\View\View.php(237): CodeIgniter\View\View->CodeIgniter\View\{closure}()
 6 SYSTEMPATH\View\View.php(250): CodeIgniter\View\View->render('layout/main_layout', [], true)
 7 SYSTEMPATH\Common.php(1171): CodeIgniter\View\View->render('landingPage', [], true)
 8 APPPATH\Controllers\Home.php(13): view('landingPage')
 9 SYSTEMPATH\CodeIgniter.php(933): App\Controllers\Home->landing()
10 SYSTEMPATH\CodeIgniter.php(509): CodeIgniter\CodeIgniter->runController(Object(App\Controllers\Home))
11 SYSTEMPATH\CodeIgniter.php(355): CodeIgniter\CodeIgniter->handleRequest(null, Object(Config\Cache), false)
12 SYSTEMPATH\Boot.php(325): CodeIgniter\CodeIgniter->run()
13 SYSTEMPATH\Boot.php(67): CodeIgniter\Boot::runCodeIgniter(Object(CodeIgniter\CodeIgniter))
14 FCPATH\index.php(56): CodeIgniter\Boot::bootWeb(Object(Config\Paths))
CRITICAL - 2024-10-08 16:40:46 --> CodeIgniter\View\Exceptions\ViewException: Invalid file: "componets/top_layer.php"
[Method: GET, Route: /]
in SYSTEMPATH\Exceptions\FrameworkException.php on line 41.
 1 SYSTEMPATH\View\View.php(222): CodeIgniter\Exceptions\FrameworkException::forInvalidFile('componets/top_layer.php')
 2 SYSTEMPATH\View\View.php(487): CodeIgniter\View\View->render('componets/top_layer', null, true)
 3 APPPATH\Views\layout\main_layout.php(1): CodeIgniter\View\View->include('componets/top_layer')
 4 SYSTEMPATH\View\View.php(234): include('C:\\xampp\\htdocs\\WST-TX32-A1-Joson\\app\\Views\\layout\\main_layout.php')
 5 SYSTEMPATH\View\View.php(237): CodeIgniter\View\View->CodeIgniter\View\{closure}()
 6 SYSTEMPATH\View\View.php(250): CodeIgniter\View\View->render('layout/main_layout', [], true)
 7 SYSTEMPATH\Common.php(1171): CodeIgniter\View\View->render('landingPage', [], true)
 8 APPPATH\Controllers\Home.php(13): view('landingPage')
 9 SYSTEMPATH\CodeIgniter.php(933): App\Controllers\Home->landing()
10 SYSTEMPATH\CodeIgniter.php(509): CodeIgniter\CodeIgniter->runController(Object(App\Controllers\Home))
11 SYSTEMPATH\CodeIgniter.php(355): CodeIgniter\CodeIgniter->handleRequest(null, Object(Config\Cache), false)
12 SYSTEMPATH\Boot.php(325): CodeIgniter\CodeIgniter->run()
13 SYSTEMPATH\Boot.php(67): CodeIgniter\Boot::runCodeIgniter(Object(CodeIgniter\CodeIgniter))
14 FCPATH\index.php(56): CodeIgniter\Boot::bootWeb(Object(Config\Paths))
CRITICAL - 2024-10-08 16:49:10 --> CodeIgniter\View\Exceptions\ViewException: Invalid file: "componets/top_layer.php"
[Method: GET, Route: /]
in SYSTEMPATH\Exceptions\FrameworkException.php on line 41.
 1 SYSTEMPATH\View\View.php(222): CodeIgniter\Exceptions\FrameworkException::forInvalidFile('componets/top_layer.php')
 2 SYSTEMPATH\View\View.php(487): CodeIgniter\View\View->render('componets/top_layer', null, true)
 3 APPPATH\Views\layout\main_layout.php(1): CodeIgniter\View\View->include('componets/top_layer')
 4 SYSTEMPATH\View\View.php(234): include('C:\\xampp\\htdocs\\WST-TX32-A1-Joson\\app\\Views\\layout\\main_layout.php')
 5 SYSTEMPATH\View\View.php(237): CodeIgniter\View\View->CodeIgniter\View\{closure}()
 6 SYSTEMPATH\View\View.php(250): CodeIgniter\View\View->render('layout/main_layout', [], true)
 7 SYSTEMPATH\Common.php(1171): CodeIgniter\View\View->render('landingPage', [], true)
 8 APPPATH\Controllers\Home.php(13): view('landingPage')
 9 SYSTEMPATH\CodeIgniter.php(933): App\Controllers\Home->landing()
10 SYSTEMPATH\CodeIgniter.php(509): CodeIgniter\CodeIgniter->runController(Object(App\Controllers\Home))
11 SYSTEMPATH\CodeIgniter.php(355): CodeIgniter\CodeIgniter->handleRequest(null, Object(Config\Cache), false)
12 SYSTEMPATH\Boot.php(325): CodeIgniter\CodeIgniter->run()
13 SYSTEMPATH\Boot.php(67): CodeIgniter\Boot::runCodeIgniter(Object(CodeIgniter\CodeIgniter))
14 FCPATH\index.php(56): CodeIgniter\Boot::bootWeb(Object(Config\Paths))
CRITICAL - 2024-10-08 16:50:35 --> CodeIgniter\View\Exceptions\ViewException: Invalid file: "landing.php"
[Method: GET, Route: /]
in SYSTEMPATH\Exceptions\FrameworkException.php on line 41.
 1 SYSTEMPATH\View\View.php(222): CodeIgniter\Exceptions\FrameworkException::forInvalidFile('landing.php')
 2 SYSTEMPATH\Common.php(1171): CodeIgniter\View\View->render('landing', [], true)
 3 APPPATH\Controllers\Home.php(13): view('landing')
 4 SYSTEMPATH\CodeIgniter.php(933): App\Controllers\Home->landing()
 5 SYSTEMPATH\CodeIgniter.php(509): CodeIgniter\CodeIgniter->runController(Object(App\Controllers\Home))
 6 SYSTEMPATH\CodeIgniter.php(355): CodeIgniter\CodeIgniter->handleRequest(null, Object(Config\Cache), false)
 7 SYSTEMPATH\Boot.php(325): CodeIgniter\CodeIgniter->run()
 8 SYSTEMPATH\Boot.php(67): CodeIgniter\Boot::runCodeIgniter(Object(CodeIgniter\CodeIgniter))
 9 FCPATH\index.php(56): CodeIgniter\Boot::bootWeb(Object(Config\Paths))
CRITICAL - 2024-10-08 16:50:38 --> CodeIgniter\View\Exceptions\ViewException: Invalid file: "landing.php"
[Method: GET, Route: /]
in SYSTEMPATH\Exceptions\FrameworkException.php on line 41.
 1 SYSTEMPATH\View\View.php(222): CodeIgniter\Exceptions\FrameworkException::forInvalidFile('landing.php')
 2 SYSTEMPATH\Common.php(1171): CodeIgniter\View\View->render('landing', [], true)
 3 APPPATH\Controllers\Home.php(13): view('landing')
 4 SYSTEMPATH\CodeIgniter.php(933): App\Controllers\Home->landing()
 5 SYSTEMPATH\CodeIgniter.php(509): CodeIgniter\CodeIgniter->runController(Object(App\Controllers\Home))
 6 SYSTEMPATH\CodeIgniter.php(355): CodeIgniter\CodeIgniter->handleRequest(null, Object(Config\Cache), false)
 7 SYSTEMPATH\Boot.php(325): CodeIgniter\CodeIgniter->run()
 8 SYSTEMPATH\Boot.php(67): CodeIgniter\Boot::runCodeIgniter(Object(CodeIgniter\CodeIgniter))
 9 FCPATH\index.php(56): CodeIgniter\Boot::bootWeb(Object(Config\Paths))
CRITICAL - 2024-10-08 16:51:54 --> CodeIgniter\View\Exceptions\ViewException: Invalid file: "componets/top_layer.php"
[Method: GET, Route: /]
in SYSTEMPATH\Exceptions\FrameworkException.php on line 41.
 1 SYSTEMPATH\View\View.php(222): CodeIgniter\Exceptions\FrameworkException::forInvalidFile('componets/top_layer.php')
 2 SYSTEMPATH\View\View.php(487): CodeIgniter\View\View->render('componets/top_layer', null, true)
 3 APPPATH\Views\layout\main_layout.php(1): CodeIgniter\View\View->include('componets/top_layer')
 4 SYSTEMPATH\View\View.php(234): include('C:\\xampp\\htdocs\\WST-TX32-A1-Joson\\app\\Views\\layout\\main_layout.php')
 5 SYSTEMPATH\View\View.php(237): CodeIgniter\View\View->CodeIgniter\View\{closure}()
 6 SYSTEMPATH\View\View.php(250): CodeIgniter\View\View->render('layout/main_layout', [], true)
 7 SYSTEMPATH\Common.php(1171): CodeIgniter\View\View->render('landingPage', [], true)
 8 APPPATH\Controllers\Home.php(13): view('landingPage')
 9 SYSTEMPATH\CodeIgniter.php(933): App\Controllers\Home->landing()
10 SYSTEMPATH\CodeIgniter.php(509): CodeIgniter\CodeIgniter->runController(Object(App\Controllers\Home))
11 SYSTEMPATH\CodeIgniter.php(355): CodeIgniter\CodeIgniter->handleRequest(null, Object(Config\Cache), false)
12 SYSTEMPATH\Boot.php(325): CodeIgniter\CodeIgniter->run()
13 SYSTEMPATH\Boot.php(67): CodeIgniter\Boot::runCodeIgniter(Object(CodeIgniter\CodeIgniter))
14 FCPATH\index.php(56): CodeIgniter\Boot::bootWeb(Object(Config\Paths))
CRITICAL - 2024-10-08 16:53:22 --> CodeIgniter\View\Exceptions\ViewException: Invalid file: "componets/top_layer.php"
[Method: GET, Route: /]
in SYSTEMPATH\Exceptions\FrameworkException.php on line 41.
 1 SYSTEMPATH\View\View.php(222): CodeIgniter\Exceptions\FrameworkException::forInvalidFile('componets/top_layer.php')
 2 SYSTEMPATH\View\View.php(487): CodeIgniter\View\View->render('componets/top_layer', null, true)
 3 APPPATH\Views\layout\main_layout.php(1): CodeIgniter\View\View->include('componets/top_layer')
 4 SYSTEMPATH\View\View.php(234): include('C:\\xampp\\htdocs\\WST-TX32-A1-Joson\\app\\Views\\layout\\main_layout.php')
 5 SYSTEMPATH\View\View.php(237): CodeIgniter\View\View->CodeIgniter\View\{closure}()
 6 SYSTEMPATH\View\View.php(250): CodeIgniter\View\View->render('layout/main_layout', [], true)
 7 SYSTEMPATH\Common.php(1171): CodeIgniter\View\View->render('landingPage', [], true)
 8 APPPATH\Controllers\Home.php(13): view('landingPage')
 9 SYSTEMPATH\CodeIgniter.php(933): App\Controllers\Home->landing()
10 SYSTEMPATH\CodeIgniter.php(509): CodeIgniter\CodeIgniter->runController(Object(App\Controllers\Home))
11 SYSTEMPATH\CodeIgniter.php(355): CodeIgniter\CodeIgniter->handleRequest(null, Object(Config\Cache), false)
12 SYSTEMPATH\Boot.php(325): CodeIgniter\CodeIgniter->run()
13 SYSTEMPATH\Boot.php(67): CodeIgniter\Boot::runCodeIgniter(Object(CodeIgniter\CodeIgniter))
14 FCPATH\index.php(56): CodeIgniter\Boot::bootWeb(Object(Config\Paths))
CRITICAL - 2024-10-08 16:54:45 --> CodeIgniter\View\Exceptions\ViewException: Invalid file: "componets/top_layer.php"
[Method: GET, Route: /]
in SYSTEMPATH\Exceptions\FrameworkException.php on line 41.
 1 SYSTEMPATH\View\View.php(222): CodeIgniter\Exceptions\FrameworkException::forInvalidFile('componets/top_layer.php')
 2 SYSTEMPATH\View\View.php(487): CodeIgniter\View\View->render('componets/top_layer', null, true)
 3 APPPATH\Views\layout\main_layout.php(1): CodeIgniter\View\View->include('componets/top_layer')
 4 SYSTEMPATH\View\View.php(234): include('C:\\xampp\\htdocs\\WST-TX32-A1-Joson\\app\\Views\\layout\\main_layout.php')
 5 SYSTEMPATH\View\View.php(237): CodeIgniter\View\View->CodeIgniter\View\{closure}()
 6 SYSTEMPATH\View\View.php(250): CodeIgniter\View\View->render('layout/main_layout', [], true)
 7 SYSTEMPATH\Common.php(1171): CodeIgniter\View\View->render('landingPage', [], true)
 8 APPPATH\Controllers\Home.php(13): view('landingPage')
 9 SYSTEMPATH\CodeIgniter.php(933): App\Controllers\Home->landing()
10 SYSTEMPATH\CodeIgniter.php(509): CodeIgniter\CodeIgniter->runController(Object(App\Controllers\Home))
11 SYSTEMPATH\CodeIgniter.php(355): CodeIgniter\CodeIgniter->handleRequest(null, Object(Config\Cache), false)
12 SYSTEMPATH\Boot.php(325): CodeIgniter\CodeIgniter->run()
13 SYSTEMPATH\Boot.php(67): CodeIgniter\Boot::runCodeIgniter(Object(CodeIgniter\CodeIgniter))
14 FCPATH\index.php(56): CodeIgniter\Boot::bootWeb(Object(Config\Paths))
CRITICAL - 2024-10-08 16:54:47 --> CodeIgniter\View\Exceptions\ViewException: Invalid file: "componets/top_layer.php"
[Method: GET, Route: /]
in SYSTEMPATH\Exceptions\FrameworkException.php on line 41.
 1 SYSTEMPATH\View\View.php(222): CodeIgniter\Exceptions\FrameworkException::forInvalidFile('componets/top_layer.php')
 2 SYSTEMPATH\View\View.php(487): CodeIgniter\View\View->render('componets/top_layer', null, true)
 3 APPPATH\Views\layout\main_layout.php(1): CodeIgniter\View\View->include('componets/top_layer')
 4 SYSTEMPATH\View\View.php(234): include('C:\\xampp\\htdocs\\WST-TX32-A1-Joson\\app\\Views\\layout\\main_layout.php')
 5 SYSTEMPATH\View\View.php(237): CodeIgniter\View\View->CodeIgniter\View\{closure}()
 6 SYSTEMPATH\View\View.php(250): CodeIgniter\View\View->render('layout/main_layout', [], true)
 7 SYSTEMPATH\Common.php(1171): CodeIgniter\View\View->render('landingPage', [], true)
 8 APPPATH\Controllers\Home.php(13): view('landingPage')
 9 SYSTEMPATH\CodeIgniter.php(933): App\Controllers\Home->landing()
10 SYSTEMPATH\CodeIgniter.php(509): CodeIgniter\CodeIgniter->runController(Object(App\Controllers\Home))
11 SYSTEMPATH\CodeIgniter.php(355): CodeIgniter\CodeIgniter->handleRequest(null, Object(Config\Cache), false)
12 SYSTEMPATH\Boot.php(325): CodeIgniter\CodeIgniter->run()
13 SYSTEMPATH\Boot.php(67): CodeIgniter\Boot::runCodeIgniter(Object(CodeIgniter\CodeIgniter))
14 FCPATH\index.php(56): CodeIgniter\Boot::bootWeb(Object(Config\Paths))
